<?xml version="1.0" encoding="UTF-8"?>
<testsuites>
  <testsuite name="ITC.App" tests="12" assertions="22" failures="0" errors="0" time="15.236127">
    <testsuite name="ITC\App\AppTest" file="/Users/suguru/Documents/GitProjects/ITC/tests/ITC/App/AppTest.php" namespace="ITC\App" fullPackage="ITC.App" tests="2" assertions="2" failures="0" errors="0" time="0.010879">
      <testcase name="testNew" class="ITC\App\AppTest" file="/Users/suguru/Documents/GitProjects/ITC/tests/ITC/App/AppTest.php" line="17" assertions="1" time="0.005268"/>
      <testcase name="testException" class="ITC\App\AppTest" file="/Users/suguru/Documents/GitProjects/ITC/tests/ITC/App/AppTest.php" line="26" assertions="1" time="0.005611"/>
    </testsuite>
    <testsuite name="FeedTest" file="/Users/suguru/Documents/GitProjects/ITC/tests/ITC/App/Entity/FeedTest.php" tests="2" assertions="2" failures="0" errors="0" time="14.073846">
      <testcase name="FeedからDOMDocumentを生成する" class="FeedTest" file="/Users/suguru/Documents/GitProjects/ITC/tests/ITC/App/Entity/FeedTest.php" line="29" assertions="1" time="7.278417"/>
      <testcase name="DOMDocumentからentry要素を取得する" class="FeedTest" file="/Users/suguru/Documents/GitProjects/ITC/tests/ITC/App/Entity/FeedTest.php" line="43" assertions="1" time="6.795429"/>
    </testsuite>
    <testsuite name="SeminarTest" file="/Users/suguru/Documents/GitProjects/ITC/tests/ITC/App/Entity/SeminarTest.php" tests="4" assertions="10" failures="0" errors="0" time="0.165716">
      <testcase name="DOMElementを解析してレコードオブジェクトに格納する" class="SeminarTest" file="/Users/suguru/Documents/GitProjects/ITC/tests/ITC/App/Entity/SeminarTest.php" line="45" assertions="5" time="0.094538"/>
      <testcase name="セミナーデータがDBに登録済みかどうかを確認する" class="SeminarTest" file="/Users/suguru/Documents/GitProjects/ITC/tests/ITC/App/Entity/SeminarTest.php" line="64" assertions="2" time="0.027099"/>
      <testcase name="セミナー新規レコードを登録する" class="SeminarTest" file="/Users/suguru/Documents/GitProjects/ITC/tests/ITC/App/Entity/SeminarTest.php" line="85" assertions="1" time="0.023235"/>
      <testcase name="指定日以降に登録されたレコードを取得する" class="SeminarTest" file="/Users/suguru/Documents/GitProjects/ITC/tests/ITC/App/Entity/SeminarTest.php" line="116" assertions="2" time="0.020844"/>
    </testsuite>
    <testsuite name="JsonS3UploadTest" file="/Users/suguru/Documents/GitProjects/ITC/tests/ITC/App/UseCase/JsonS3UploadTest.php" tests="1" assertions="2" failures="0" errors="0" time="0.120935">
      <testcase name="指定日以降のセミナーデータをS3保存する" class="JsonS3UploadTest" file="/Users/suguru/Documents/GitProjects/ITC/tests/ITC/App/UseCase/JsonS3UploadTest.php" line="42" assertions="2" time="0.120935"/>
    </testsuite>
    <testsuite name="ParseFeedTest" file="/Users/suguru/Documents/GitProjects/ITC/tests/ITC/App/UseCase/ParseFeedTest.php" tests="1" assertions="4" failures="0" errors="0" time="0.044840">
      <testcase name="フィードを解析する" class="ParseFeedTest" file="/Users/suguru/Documents/GitProjects/ITC/tests/ITC/App/UseCase/ParseFeedTest.php" line="85" assertions="4" time="0.044840"/>
    </testsuite>
    <testsuite name="S3Test" file="/Users/suguru/Documents/GitProjects/ITC/tests/ITC/App/Utility/Aws/S3Test.php" tests="2" assertions="2" failures="0" errors="0" time="0.819911">
      <testcase name="S3アップロードテスト" class="S3Test" file="/Users/suguru/Documents/GitProjects/ITC/tests/ITC/App/Utility/Aws/S3Test.php" line="30" assertions="1" time="0.429525"/>
      <testcase name="S3ダウンロードテスト" class="S3Test" file="/Users/suguru/Documents/GitProjects/ITC/tests/ITC/App/Utility/Aws/S3Test.php" line="56" assertions="1" time="0.390386"/>
    </testsuite>
  </testsuite>
</testsuites>
